 *  Executing task: PYTHONPATH=. pytest --cov=custom_components/zte_router_5g/ --cov-report=term-missing tests/ 

================================================================================== test session starts ==================================================================================
platform linux -- Python 3.14.2, pytest-9.0.0, pluggy-1.6.0
rootdir: /workspaces/ha-zte-router-5g-monitor
configfile: pytest.ini (WARNING: ignoring pytest config in pyproject.toml!)
plugins: aiohttp-1.1.0, requests-mock-1.12.1, respx-0.22.0, unordered-0.7.0, homeassistant-custom-component-0.13.320, syrupy-5.0.0, picked-0.5.1, asyncio-1.3.0, timeout-2.4.0, github-actions-annotate-failures-0.3.0, cov-7.0.0, xdist-3.8.0, socket-0.7.0, pytest_freezer-0.4.9, rerunfailures-16.0.1, typeguard-4.5.1, anyio-4.10.0
asyncio: mode=Mode.AUTO, debug=False, asyncio_default_fixture_loop_scope=None, asyncio_default_test_loop_scope=function
collected 68 items                                                                                                                                                                      

tests/test_api.py .........................                                                                                                                                       [ 36%]
tests/test_binary_sensor.py ...                                                                                                                                                   [ 41%]
tests/test_button.py ....                                                                                                                                                         [ 47%]
tests/test_config_flow.py ......                                                                                                                                                  [ 55%]
tests/test_helpers.py ....                                                                                                                                                        [ 61%]
tests/test_init.py ......                                                                                                                                                         [ 70%]
tests/test_number.py ....                                                                                                                                                         [ 76%]
tests/test_sensor.py .............                                                                                                                                                [ 95%]
tests/test_switch.py ...                                                                                                                                                          [100%]

==================================================================================== tests coverage =====================================================================================
____________________________________________________________________ coverage: platform linux, python 3.14.2-final-0 ____________________________________________________________________

Name                                               Stmts   Miss  Cover   Missing
--------------------------------------------------------------------------------
custom_components/zte_router_5g/__init__.py           76      3    96%   133-135
custom_components/zte_router_5g/api.py               229     33    86%   37, 108-109, 127, 157, 228, 244, 266-268, 298, 345-348, 354, 371, 379-399
custom_components/zte_router_5g/binary_sensor.py      30      0   100%
custom_components/zte_router_5g/button.py             54      0   100%
custom_components/zte_router_5g/config_flow.py        59      1    98%   111
custom_components/zte_router_5g/const.py               6      0   100%
custom_components/zte_router_5g/helpers.py             9      0   100%
custom_components/zte_router_5g/number.py             50      2    96%   76, 109
custom_components/zte_router_5g/sensor.py            134      6    96%   306, 354, 413, 435, 456-457
custom_components/zte_router_5g/switch.py             43      0   100%
--------------------------------------------------------------------------------
TOTAL                                                690     45    93%
================================================================================== 68 passed in 4.87s ===================================================================================
 *  Terminal will be reused by tasks, press any key to close it. 